<?xml version="1.0" encoding="UTF-8"?>
<!-- Generated by org.testng.reporters.JUnitXMLReporter -->
<testsuite hostname="LAPTOP-2M6SULJS" ignored="0" name="Goibibo" tests="12" failures="0" timestamp="2020-10-17T01:20:54 IST" time="39.654" errors="0">
  <testcase name="checkStatuscode" time="0.005" classname="com.tb.qa.comman.getCategory"/>
  <testcase name="chesckResponseBody" time="0.097" classname="com.tb.qa.comman.getCategory"/>
  <testcase name="chesckResponseBody" time="0.005" classname="com.tb.qa.comman.getCategoryId"/>
  <testcase name="checkStatuscode" time="0.004" classname="com.tb.qa.comman.getCategoryId"/>
  <testcase name="checkStatuscode" time="0.002" classname="com.tb.qa.comman.getListOfGroups"/>
  <testcase name="chesckResponseBody" time="0.002" classname="com.tb.qa.comman.getListOfGroups"/>
  <testcase name="checkStatuscode" time="0.003" classname="com.tb.qa.comman.getMenus"/>
  <testcase name="chesckResponseBody" time="0.004" classname="com.tb.qa.comman.getMenus"/>
  <testcase name="checkStatuscode" time="0.003" classname="com.tb.qa.comman.getMenusId"/>
  <testcase name="chesckResponseBody" time="0.004" classname="com.tb.qa.comman.getMenusId"/>
  <testcase name="checkStatuscode" time="0.002" classname="com.tb.qa.comman.getSliderImages"/>
  <testcase name="chesckResponseBody" time="0.003" classname="com.tb.qa.comman.getSliderImages"/>
</testsuite> <!-- Goibibo -->
