<?xml version="1.0" encoding="UTF-8"?>
<!-- Generated by org.testng.reporters.JUnitXMLReporter -->
<testsuite ignored="0" hostname="LAPTOP-2M6SULJS" failures="0" tests="12" name="Goibibo" time="40.598" errors="0" timestamp="2020-08-10T17:53:20 IST">
  <testcase classname="com.tb.qa.comman.getCategory" name="checkStatuscode" time="0.016"/>
  <testcase classname="com.tb.qa.comman.getCategory" name="chesckResponseBody" time="0.029"/>
  <testcase classname="com.tb.qa.comman.getCategoryId" name="checkStatuscode" time="0.005"/>
  <testcase classname="com.tb.qa.comman.getCategoryId" name="chesckResponseBody" time="0.003"/>
  <testcase classname="com.tb.qa.comman.getListOfGroups" name="checkStatuscode" time="0.009"/>
  <testcase classname="com.tb.qa.comman.getListOfGroups" name="chesckResponseBody" time="0.007"/>
  <testcase classname="com.tb.qa.comman.getMenus" name="checkStatuscode" time="0.002"/>
  <testcase classname="com.tb.qa.comman.getMenus" name="chesckResponseBody" time="0.005"/>
  <testcase classname="com.tb.qa.comman.getMenusId" name="checkStatuscode" time="0.004"/>
  <testcase classname="com.tb.qa.comman.getMenusId" name="chesckResponseBody" time="0.013"/>
  <testcase classname="com.tb.qa.comman.getSliderImages" name="checkStatuscode" time="0.002"/>
  <testcase classname="com.tb.qa.comman.getSliderImages" name="chesckResponseBody" time="0.006"/>
</testsuite> <!-- Goibibo -->
